<?xml version="1.0" encoding="UTF-8"?>
<!-- Generated by org.testng.reporters.JUnitReportReporter -->
<testsuite hostname="DESKTOP-2SJ10MT" failures="0" tests="1" name="testScripts.GooglrPageTest" time="32.455" errors="0" timestamp="2024-04-25T23:14:59 IST" skipped="0">
  <testcase classname="testScripts.GooglrPageTest" name="javaSaerchTest" time="32.455"/>
</testsuite> <!-- testScripts.GooglrPageTest -->
